[SQLite] Using DB at: C:/Projects/Convexa/backend/data/convexa.db
[SkipTrace] DEMO_MODE = false
[SkipTrace] PRIMARY_PROVIDER = batchdata
[SkipTrace] FALLBACK_ENABLED = true
[Server] Port = 6002
Using BatchData URL: https://api.batchdata.com/api/v1/property/skip-trace
Auth: Authorization: Bearer <REDACTED>
Looking for SQLite database file at: C:\Projects\Convexa\backend\data\convexa.db
✓ Database found at: C:\Projects\Convexa\backend\data\convexa.db
[SQLite] PRAGMA journal_mode=wal busy_timeout=5000 synchronous=NORMAL
prom-client not available; /metrics disabled
node:events:497
      throw er; // Unhandled 'error' event
      ^

Error: listen EADDRINUSE: address already in use :::6002
    at Server.setupListenHandle [as _listen2] (node:net:1940:16)
    at listenInCluster (node:net:1997:12)
    at Server.listen (node:net:2102:7)
    at Function.listen (C:\Projects\Convexa\backend\node_modules\express\lib\application.js:635:24)
    at startServer (file:///C:/Projects/Convexa/backend/integrated-server.js:1592:7)
Emitted 'error' event on Server instance at:
    at emitErrorNT (node:net:1976:8)
    at process.processTicksAndRejections (node:internal/process/task_queues:90:21) {
  code: 'EADDRINUSE',
  errno: -4091,
  syscall: 'listen',
  address: '::',
  port: 6002
}

Node.js v22.19.0
