[SQLite] Using DB at: C:/Projects/Convexa/prisma/micro.db
[SkipTrace] DEMO_MODE = false
[SkipTrace] PRIMARY_PROVIDER = batchdata
[SkipTrace] FALLBACK_ENABLED = false
[Server] Port = 6005
Looking for SQLite database file at: C:\Projects\Convexa\prisma\micro.db
✓ Database found at: C:\Projects\Convexa\prisma\micro.db
node:events:497
      throw er; // Unhandled 'error' event
      ^

Error: listen EADDRINUSE: address already in use :::6005
    at Server.setupListenHandle [as _listen2] (node:net:1940:16)
    at listenInCluster (node:net:1997:12)
    at Server.listen (node:net:2102:7)
    at Function.listen (C:\Projects\Convexa\backend\node_modules\express\lib\application.js:635:24)
    at startServer (file:///C:/Projects/Convexa/backend/integrated-server.js:1441:7)
Emitted 'error' event on Server instance at:
    at emitErrorNT (node:net:1976:8)
    at process.processTicksAndRejections (node:internal/process/task_queues:90:21) {
  code: 'EADDRINUSE',
  errno: -4091,
  syscall: 'listen',
  address: '::',
  port: 6005
}

Node.js v22.19.0
