[SQLite] Using DB at: C:/Projects/Convexa/backend/data/convexa.db
[SkipTrace] DEMO_MODE = false
[SkipTrace] PRIMARY_PROVIDER = batchdata
[SkipTrace] FALLBACK_ENABLED = true
[Server] Port = 6001
Using BatchData URL: https://api.batchdata.com/api/v1/property/skip-trace
Auth: Authorization: Bearer <REDACTED>
Looking for SQLite database file at: C:\Projects\Convexa\backend\data\convexa.db
✓ Database found at: C:\Projects\Convexa\backend\data\convexa.db
[SQLite] PRAGMA journal_mode=wal busy_timeout=5000 synchronous=NORMAL
prom-client not available; /metrics disabled
🚀 FlipTracker Integrated API Server running on port 6001
💾 Connected to database with 926 leads
🏠 ATTOM Property Data API enabled
✅ API endpoints ready for use:
  - Health: http://localhost:6001/health
  - Search: http://localhost:6001/api/zip-search-new/search?limit=5
  - Analytics: http://localhost:6001/api/zip-search-new/revenue-analytics
  - ATTOM Property Lookup: http://localhost:6001/api/attom/property/address?address=123+Main+St&city=Beverly+Hills&state=CA&zip=90210
2025-09-19T12:12:40.879Z - GET /admin/guardrails-state
2025-09-19T12:12:40.948Z - GET /admin/guardrails-state
2025-09-19T12:12:48.750Z - POST /api/leads/2/skiptrace
2025-09-19T12:12:48.752Z - POST /api/leads/1/skiptrace
2025-09-19T12:12:48.753Z - POST /api/leads/3/skiptrace
2025-09-19T12:12:48.753Z - POST /api/leads/4/skiptrace
2025-09-19T12:12:48.757Z - POST /api/leads/5/skiptrace
2025-09-19T12:12:48.758Z - POST /api/leads/6/skiptrace
2025-09-19T12:12:48.760Z - POST /api/leads/7/skiptrace
2025-09-19T12:12:48.761Z - POST /api/leads/8/skiptrace
2025-09-19T12:12:48.762Z - POST /api/leads/9/skiptrace
2025-09-19T12:12:48.763Z - POST /api/leads/10/skiptrace
2025-09-19T12:12:48.763Z - POST /api/leads/11/skiptrace
2025-09-19T12:12:48.764Z - POST /api/leads/12/skiptrace
2025-09-19T12:12:48.765Z - POST /api/leads/13/skiptrace
2025-09-19T12:12:48.766Z - POST /api/leads/14/skiptrace
2025-09-19T12:12:48.767Z - POST /api/leads/15/skiptrace
2025-09-19T12:12:48.768Z - POST /api/leads/16/skiptrace
2025-09-19T12:12:48.768Z - POST /api/leads/17/skiptrace
2025-09-19T12:12:48.769Z - POST /api/leads/18/skiptrace
2025-09-19T12:12:48.769Z - POST /api/leads/19/skiptrace
2025-09-19T12:12:48.770Z - POST /api/leads/20/skiptrace
2025-09-19T12:12:48.770Z - POST /api/leads/21/skiptrace
2025-09-19T12:12:48.771Z - POST /api/leads/22/skiptrace
2025-09-19T12:12:48.771Z - POST /api/leads/23/skiptrace
2025-09-19T12:12:48.772Z - POST /api/leads/24/skiptrace
2025-09-19T12:12:48.773Z - POST /api/leads/25/skiptrace
2025-09-19T12:12:48.773Z - POST /api/leads/26/skiptrace
2025-09-19T12:12:48.774Z - POST /api/leads/27/skiptrace
2025-09-19T12:12:48.774Z - POST /api/leads/28/skiptrace
2025-09-19T12:12:48.775Z - POST /api/leads/29/skiptrace
2025-09-19T12:12:48.776Z - POST /api/leads/30/skiptrace
2025-09-19T12:12:48.776Z - POST /api/leads/31/skiptrace
2025-09-19T12:12:48.777Z - POST /api/leads/32/skiptrace
2025-09-19T12:12:48.777Z - POST /api/leads/33/skiptrace
2025-09-19T12:12:48.778Z - POST /api/leads/34/skiptrace
2025-09-19T12:12:48.779Z - POST /api/leads/35/skiptrace
2025-09-19T12:12:48.779Z - POST /api/leads/36/skiptrace
2025-09-19T12:12:48.780Z - POST /api/leads/37/skiptrace
2025-09-19T12:12:48.780Z - POST /api/leads/38/skiptrace
2025-09-19T12:12:48.781Z - POST /api/leads/39/skiptrace
2025-09-19T12:12:48.782Z - POST /api/leads/40/skiptrace
2025-09-19T12:12:48.782Z - POST /api/leads/41/skiptrace
2025-09-19T12:12:48.783Z - POST /api/leads/42/skiptrace
2025-09-19T12:12:48.783Z - POST /api/leads/43/skiptrace
2025-09-19T12:12:48.784Z - POST /api/leads/44/skiptrace
2025-09-19T12:12:48.785Z - POST /api/leads/45/skiptrace
2025-09-19T12:12:48.785Z - POST /api/leads/46/skiptrace
2025-09-19T12:12:48.786Z - POST /api/leads/47/skiptrace
2025-09-19T12:12:48.787Z - POST /api/leads/48/skiptrace
2025-09-19T12:12:48.787Z - POST /api/leads/49/skiptrace
2025-09-19T12:12:48.788Z - POST /api/leads/50/skiptrace
2025-09-19T12:12:48.788Z - POST /api/leads/51/skiptrace
2025-09-19T12:12:48.789Z - POST /api/leads/52/skiptrace
2025-09-19T12:12:48.789Z - POST /api/leads/53/skiptrace
2025-09-19T12:12:48.790Z - POST /api/leads/54/skiptrace
2025-09-19T12:12:48.791Z - POST /api/leads/55/skiptrace
2025-09-19T12:12:48.791Z - POST /api/leads/56/skiptrace
2025-09-19T12:12:48.793Z - POST /api/leads/57/skiptrace
2025-09-19T12:12:48.793Z - POST /api/leads/58/skiptrace
2025-09-19T12:12:48.794Z - POST /api/leads/59/skiptrace
2025-09-19T12:12:48.795Z - POST /api/leads/60/skiptrace
2025-09-19T12:12:48.795Z - POST /api/leads/61/skiptrace
2025-09-19T12:12:48.796Z - POST /api/leads/62/skiptrace
2025-09-19T12:12:48.796Z - POST /api/leads/63/skiptrace
2025-09-19T12:12:48.797Z - POST /api/leads/64/skiptrace
2025-09-19T12:12:48.798Z - POST /api/leads/65/skiptrace
2025-09-19T12:12:48.798Z - POST /api/leads/66/skiptrace
2025-09-19T12:12:48.799Z - POST /api/leads/67/skiptrace
2025-09-19T12:12:48.799Z - POST /api/leads/68/skiptrace
2025-09-19T12:12:48.800Z - POST /api/leads/69/skiptrace
2025-09-19T12:12:48.800Z - POST /api/leads/70/skiptrace
2025-09-19T12:12:48.801Z - POST /api/leads/71/skiptrace
2025-09-19T12:12:48.802Z - POST /api/leads/72/skiptrace
2025-09-19T12:12:48.802Z - POST /api/leads/73/skiptrace
2025-09-19T12:12:48.803Z - POST /api/leads/74/skiptrace
2025-09-19T12:12:48.803Z - POST /api/leads/75/skiptrace
2025-09-19T12:12:48.804Z - POST /api/leads/76/skiptrace
2025-09-19T12:12:48.805Z - POST /api/leads/77/skiptrace
2025-09-19T12:12:48.805Z - POST /api/leads/78/skiptrace
2025-09-19T12:12:48.806Z - POST /api/leads/79/skiptrace
2025-09-19T12:12:48.806Z - POST /api/leads/80/skiptrace
2025-09-19T12:12:48.807Z - POST /api/leads/81/skiptrace
2025-09-19T12:12:48.808Z - POST /api/leads/82/skiptrace
2025-09-19T12:12:48.808Z - POST /api/leads/83/skiptrace
2025-09-19T12:12:48.808Z - POST /api/leads/84/skiptrace
2025-09-19T12:12:48.809Z - POST /api/leads/85/skiptrace
2025-09-19T12:12:48.810Z - POST /api/leads/86/skiptrace
2025-09-19T12:12:48.810Z - POST /api/leads/87/skiptrace
2025-09-19T12:12:48.811Z - POST /api/leads/88/skiptrace
2025-09-19T12:12:48.811Z - POST /api/leads/89/skiptrace
2025-09-19T12:12:48.812Z - POST /api/leads/90/skiptrace
2025-09-19T12:12:48.812Z - POST /api/leads/91/skiptrace
2025-09-19T12:12:48.813Z - POST /api/leads/92/skiptrace
2025-09-19T12:12:48.813Z - POST /api/leads/93/skiptrace
2025-09-19T12:12:48.814Z - POST /api/leads/94/skiptrace
2025-09-19T12:12:48.814Z - POST /api/leads/95/skiptrace
2025-09-19T12:12:48.815Z - POST /api/leads/96/skiptrace
2025-09-19T12:12:48.816Z - POST /api/leads/97/skiptrace
2025-09-19T12:12:48.816Z - POST /api/leads/98/skiptrace
2025-09-19T12:12:48.817Z - POST /api/leads/99/skiptrace
2025-09-19T12:12:48.817Z - POST /api/leads/100/skiptrace
2025-09-19T12:12:48.818Z - POST /api/leads/101/skiptrace
2025-09-19T12:12:48.819Z - POST /api/leads/102/skiptrace
2025-09-19T12:12:48.819Z - POST /api/leads/103/skiptrace
2025-09-19T12:12:48.820Z - POST /api/leads/104/skiptrace
2025-09-19T12:12:48.820Z - POST /api/leads/105/skiptrace
2025-09-19T12:12:48.821Z - POST /api/leads/106/skiptrace
2025-09-19T12:12:48.821Z - POST /api/leads/107/skiptrace
2025-09-19T12:12:48.822Z - POST /api/leads/108/skiptrace
2025-09-19T12:12:48.823Z - POST /api/leads/109/skiptrace
2025-09-19T12:12:48.823Z - POST /api/leads/110/skiptrace
2025-09-19T12:12:48.824Z - POST /api/leads/111/skiptrace
2025-09-19T12:12:48.824Z - POST /api/leads/112/skiptrace
2025-09-19T12:12:48.825Z - POST /api/leads/113/skiptrace
2025-09-19T12:12:48.825Z - POST /api/leads/114/skiptrace
2025-09-19T12:12:48.826Z - POST /api/leads/115/skiptrace
2025-09-19T12:12:48.826Z - POST /api/leads/116/skiptrace
2025-09-19T12:12:48.827Z - POST /api/leads/117/skiptrace
2025-09-19T12:12:48.828Z - POST /api/leads/118/skiptrace
2025-09-19T12:12:48.828Z - POST /api/leads/119/skiptrace
2025-09-19T12:12:48.829Z - POST /api/leads/120/skiptrace
2025-09-19T12:12:48.830Z - POST /api/leads/121/skiptrace
2025-09-19T12:12:48.831Z - POST /api/leads/122/skiptrace
2025-09-19T12:12:48.832Z - POST /api/leads/123/skiptrace
2025-09-19T12:12:48.832Z - POST /api/leads/124/skiptrace
2025-09-19T12:12:48.833Z - POST /api/leads/125/skiptrace
2025-09-19T12:12:48.834Z - POST /api/leads/126/skiptrace
2025-09-19T12:12:48.834Z - POST /api/leads/127/skiptrace
2025-09-19T12:12:48.835Z - POST /api/leads/128/skiptrace
2025-09-19T12:12:48.835Z - POST /api/leads/129/skiptrace
2025-09-19T12:12:48.836Z - POST /api/leads/130/skiptrace
2025-09-19T12:12:48.836Z - POST /api/leads/131/skiptrace
2025-09-19T12:12:48.837Z - POST /api/leads/132/skiptrace
2025-09-19T12:12:48.838Z - POST /api/leads/133/skiptrace
2025-09-19T12:12:48.838Z - POST /api/leads/134/skiptrace
2025-09-19T12:12:48.839Z - POST /api/leads/135/skiptrace
2025-09-19T12:12:48.839Z - POST /api/leads/136/skiptrace
2025-09-19T12:12:48.840Z - POST /api/leads/137/skiptrace
2025-09-19T12:12:48.840Z - POST /api/leads/138/skiptrace
2025-09-19T12:12:48.841Z - POST /api/leads/139/skiptrace
2025-09-19T12:12:48.841Z - POST /api/leads/140/skiptrace
2025-09-19T12:12:48.842Z - POST /api/leads/141/skiptrace
2025-09-19T12:12:48.843Z - POST /api/leads/142/skiptrace
2025-09-19T12:12:48.843Z - POST /api/leads/143/skiptrace
2025-09-19T12:12:48.844Z - POST /api/leads/144/skiptrace
2025-09-19T12:12:48.845Z - POST /api/leads/145/skiptrace
2025-09-19T12:12:48.845Z - POST /api/leads/146/skiptrace
2025-09-19T12:12:48.846Z - POST /api/leads/147/skiptrace
2025-09-19T12:12:48.847Z - POST /api/leads/148/skiptrace
2025-09-19T12:12:48.847Z - POST /api/leads/149/skiptrace
2025-09-19T12:12:48.848Z - POST /api/leads/150/skiptrace
2025-09-19T12:12:48.848Z - POST /api/leads/151/skiptrace
2025-09-19T12:12:48.849Z - POST /api/leads/152/skiptrace
2025-09-19T12:12:48.850Z - POST /api/leads/153/skiptrace
2025-09-19T12:12:48.851Z - POST /api/leads/154/skiptrace
2025-09-19T12:12:48.853Z - POST /api/leads/155/skiptrace
2025-09-19T12:12:48.853Z - POST /api/leads/156/skiptrace
2025-09-19T12:12:48.854Z - POST /api/leads/157/skiptrace
2025-09-19T12:12:48.855Z - POST /api/leads/158/skiptrace
2025-09-19T12:12:48.855Z - POST /api/leads/159/skiptrace
2025-09-19T12:12:48.856Z - POST /api/leads/160/skiptrace
2025-09-19T12:12:48.856Z - POST /api/leads/161/skiptrace
2025-09-19T12:12:48.857Z - POST /api/leads/162/skiptrace
2025-09-19T12:12:48.857Z - POST /api/leads/163/skiptrace
2025-09-19T12:12:48.858Z - POST /api/leads/164/skiptrace
2025-09-19T12:12:48.859Z - POST /api/leads/165/skiptrace
2025-09-19T12:12:48.860Z - POST /api/leads/166/skiptrace
2025-09-19T12:12:48.860Z - POST /api/leads/167/skiptrace
2025-09-19T12:12:48.860Z - POST /api/leads/168/skiptrace
2025-09-19T12:12:48.861Z - POST /api/leads/169/skiptrace
2025-09-19T12:12:48.861Z - POST /api/leads/170/skiptrace
2025-09-19T12:12:48.862Z - POST /api/leads/171/skiptrace
2025-09-19T12:12:48.862Z - POST /api/leads/172/skiptrace
2025-09-19T12:12:48.863Z - POST /api/leads/173/skiptrace
2025-09-19T12:12:48.863Z - POST /api/leads/174/skiptrace
2025-09-19T12:12:48.864Z - POST /api/leads/175/skiptrace
2025-09-19T12:12:48.864Z - POST /api/leads/176/skiptrace
2025-09-19T12:12:48.865Z - POST /api/leads/177/skiptrace
2025-09-19T12:12:48.865Z - POST /api/leads/178/skiptrace
2025-09-19T12:12:48.866Z - POST /api/leads/179/skiptrace
2025-09-19T12:12:48.866Z - POST /api/leads/180/skiptrace
2025-09-19T12:12:48.867Z - POST /api/leads/181/skiptrace
2025-09-19T12:12:48.867Z - POST /api/leads/182/skiptrace
2025-09-19T12:12:48.868Z - POST /api/leads/183/skiptrace
2025-09-19T12:12:48.869Z - POST /api/leads/184/skiptrace
2025-09-19T12:12:48.869Z - POST /api/leads/185/skiptrace
2025-09-19T12:12:48.870Z - POST /api/leads/186/skiptrace
2025-09-19T12:12:48.870Z - POST /api/leads/187/skiptrace
2025-09-19T12:12:48.871Z - POST /api/leads/188/skiptrace
2025-09-19T12:12:48.871Z - POST /api/leads/189/skiptrace
2025-09-19T12:12:48.872Z - POST /api/leads/190/skiptrace
2025-09-19T12:12:48.873Z - POST /api/leads/191/skiptrace
2025-09-19T12:12:48.873Z - POST /api/leads/192/skiptrace
2025-09-19T12:12:48.874Z - POST /api/leads/193/skiptrace
2025-09-19T12:12:48.874Z - POST /api/leads/194/skiptrace
2025-09-19T12:12:48.875Z - POST /api/leads/195/skiptrace
2025-09-19T12:12:48.875Z - POST /api/leads/196/skiptrace
2025-09-19T12:12:48.876Z - POST /api/leads/197/skiptrace
2025-09-19T12:12:48.876Z - POST /api/leads/198/skiptrace
2025-09-19T12:12:48.877Z - POST /api/leads/199/skiptrace
2025-09-19T12:12:48.877Z - POST /api/leads/200/skiptrace
2025-09-19T12:12:48.878Z - POST /api/leads/201/skiptrace
2025-09-19T12:12:48.878Z - POST /api/leads/202/skiptrace
2025-09-19T12:12:48.879Z - POST /api/leads/203/skiptrace
2025-09-19T12:12:48.879Z - POST /api/leads/204/skiptrace
2025-09-19T12:12:48.880Z - POST /api/leads/205/skiptrace
2025-09-19T12:12:48.881Z - POST /api/leads/206/skiptrace
2025-09-19T12:12:48.881Z - POST /api/leads/207/skiptrace
2025-09-19T12:12:48.882Z - POST /api/leads/208/skiptrace
2025-09-19T12:12:48.882Z - POST /api/leads/209/skiptrace
2025-09-19T12:12:48.883Z - POST /api/leads/210/skiptrace
2025-09-19T12:12:48.883Z - POST /api/leads/211/skiptrace
2025-09-19T12:12:48.884Z - POST /api/leads/212/skiptrace
2025-09-19T12:12:48.884Z - POST /api/leads/213/skiptrace
2025-09-19T12:12:48.885Z - POST /api/leads/214/skiptrace
2025-09-19T12:12:48.885Z - POST /api/leads/215/skiptrace
2025-09-19T12:12:48.886Z - POST /api/leads/216/skiptrace
2025-09-19T12:12:48.886Z - POST /api/leads/217/skiptrace
2025-09-19T12:12:48.887Z - POST /api/leads/218/skiptrace
2025-09-19T12:12:48.887Z - POST /api/leads/219/skiptrace
2025-09-19T12:12:48.888Z - POST /api/leads/220/skiptrace
2025-09-19T12:12:48.888Z - POST /api/leads/221/skiptrace
2025-09-19T12:12:48.889Z - POST /api/leads/222/skiptrace
2025-09-19T12:12:48.889Z - POST /api/leads/223/skiptrace
2025-09-19T12:12:48.890Z - POST /api/leads/224/skiptrace
2025-09-19T12:12:48.890Z - POST /api/leads/225/skiptrace
2025-09-19T12:12:48.891Z - POST /api/leads/226/skiptrace
2025-09-19T12:12:48.891Z - POST /api/leads/227/skiptrace
2025-09-19T12:12:48.892Z - POST /api/leads/228/skiptrace
2025-09-19T12:12:48.892Z - POST /api/leads/229/skiptrace
2025-09-19T12:12:48.893Z - POST /api/leads/230/skiptrace
2025-09-19T12:12:48.893Z - POST /api/leads/231/skiptrace
2025-09-19T12:12:48.894Z - POST /api/leads/232/skiptrace
2025-09-19T12:12:48.894Z - POST /api/leads/233/skiptrace
2025-09-19T12:12:48.895Z - POST /api/leads/234/skiptrace
2025-09-19T12:12:48.895Z - POST /api/leads/235/skiptrace
2025-09-19T12:12:48.896Z - POST /api/leads/236/skiptrace
2025-09-19T12:12:48.896Z - POST /api/leads/237/skiptrace
2025-09-19T12:12:48.897Z - POST /api/leads/238/skiptrace
2025-09-19T12:12:48.897Z - POST /api/leads/239/skiptrace
2025-09-19T12:12:48.898Z - POST /api/leads/240/skiptrace
2025-09-19T12:12:48.898Z - POST /api/leads/241/skiptrace
2025-09-19T12:12:48.899Z - POST /api/leads/242/skiptrace
2025-09-19T12:12:48.900Z - POST /api/leads/243/skiptrace
2025-09-19T12:12:48.901Z - POST /api/leads/244/skiptrace
2025-09-19T12:12:48.902Z - POST /api/leads/245/skiptrace
2025-09-19T12:12:48.902Z - POST /api/leads/246/skiptrace
2025-09-19T12:12:48.903Z - POST /api/leads/247/skiptrace
2025-09-19T12:12:48.903Z - POST /api/leads/248/skiptrace
2025-09-19T12:12:48.904Z - POST /api/leads/249/skiptrace
2025-09-19T12:12:48.904Z - POST /api/leads/250/skiptrace
2025-09-19T12:12:48.905Z - POST /api/leads/251/skiptrace
2025-09-19T12:12:48.905Z - POST /api/leads/252/skiptrace
2025-09-19T12:12:48.906Z - POST /api/leads/253/skiptrace
2025-09-19T12:12:48.906Z - POST /api/leads/254/skiptrace
2025-09-19T12:12:48.906Z - POST /api/leads/255/skiptrace
2025-09-19T12:12:48.907Z - POST /api/leads/256/skiptrace
2025-09-19T12:12:48.907Z - POST /api/leads/257/skiptrace
2025-09-19T12:12:48.908Z - POST /api/leads/258/skiptrace
2025-09-19T12:12:48.908Z - POST /api/leads/259/skiptrace
2025-09-19T12:12:48.909Z - POST /api/leads/260/skiptrace
2025-09-19T12:12:48.909Z - POST /api/leads/261/skiptrace
2025-09-19T12:12:48.910Z - POST /api/leads/262/skiptrace
2025-09-19T12:12:48.910Z - POST /api/leads/263/skiptrace
2025-09-19T12:12:48.911Z - POST /api/leads/264/skiptrace
2025-09-19T12:12:48.911Z - POST /api/leads/265/skiptrace
2025-09-19T12:12:48.912Z - POST /api/leads/266/skiptrace
2025-09-19T12:12:48.912Z - POST /api/leads/267/skiptrace
2025-09-19T12:12:48.912Z - POST /api/leads/268/skiptrace
2025-09-19T12:12:48.913Z - POST /api/leads/269/skiptrace
2025-09-19T12:12:48.914Z - POST /api/leads/270/skiptrace
2025-09-19T12:12:48.915Z - POST /api/leads/271/skiptrace
2025-09-19T12:12:48.916Z - POST /api/leads/272/skiptrace
2025-09-19T12:12:48.917Z - POST /api/leads/273/skiptrace
2025-09-19T12:12:48.918Z - POST /api/leads/274/skiptrace
2025-09-19T12:12:48.918Z - POST /api/leads/275/skiptrace
2025-09-19T12:12:48.919Z - POST /api/leads/276/skiptrace
2025-09-19T12:12:48.919Z - POST /api/leads/277/skiptrace
2025-09-19T12:12:48.920Z - POST /api/leads/278/skiptrace
2025-09-19T12:12:48.920Z - POST /api/leads/279/skiptrace
2025-09-19T12:12:48.920Z - POST /api/leads/280/skiptrace
2025-09-19T12:12:48.921Z - POST /api/leads/281/skiptrace
2025-09-19T12:12:48.921Z - POST /api/leads/282/skiptrace
2025-09-19T12:12:48.922Z - POST /api/leads/283/skiptrace
2025-09-19T12:12:48.922Z - POST /api/leads/284/skiptrace
2025-09-19T12:12:48.923Z - POST /api/leads/285/skiptrace
2025-09-19T12:12:48.924Z - POST /api/leads/286/skiptrace
2025-09-19T12:12:48.924Z - POST /api/leads/287/skiptrace
2025-09-19T12:12:48.925Z - POST /api/leads/288/skiptrace
2025-09-19T12:12:48.925Z - POST /api/leads/289/skiptrace
2025-09-19T12:12:48.925Z - POST /api/leads/290/skiptrace
2025-09-19T12:12:48.926Z - POST /api/leads/291/skiptrace
2025-09-19T12:12:48.926Z - POST /api/leads/292/skiptrace
2025-09-19T12:12:48.927Z - POST /api/leads/293/skiptrace
2025-09-19T12:12:48.927Z - POST /api/leads/294/skiptrace
2025-09-19T12:12:48.928Z - POST /api/leads/295/skiptrace
2025-09-19T12:12:48.928Z - POST /api/leads/296/skiptrace
2025-09-19T12:12:48.929Z - POST /api/leads/297/skiptrace
2025-09-19T12:12:48.929Z - POST /api/leads/298/skiptrace
2025-09-19T12:12:48.929Z - POST /api/leads/299/skiptrace
2025-09-19T12:12:48.930Z - POST /api/leads/300/skiptrace
2025-09-19T12:12:48.930Z - POST /api/leads/301/skiptrace
2025-09-19T12:12:48.931Z - POST /api/leads/302/skiptrace
2025-09-19T12:12:48.931Z - POST /api/leads/303/skiptrace
2025-09-19T12:12:48.932Z - POST /api/leads/304/skiptrace
2025-09-19T12:12:48.933Z - POST /api/leads/305/skiptrace
2025-09-19T12:12:48.933Z - POST /api/leads/306/skiptrace
2025-09-19T12:12:48.934Z - POST /api/leads/307/skiptrace
2025-09-19T12:12:48.935Z - POST /api/leads/308/skiptrace
2025-09-19T12:12:48.935Z - POST /api/leads/309/skiptrace
2025-09-19T12:12:48.936Z - POST /api/leads/310/skiptrace
2025-09-19T12:12:48.937Z - POST /api/leads/311/skiptrace
2025-09-19T12:12:48.937Z - POST /api/leads/312/skiptrace
2025-09-19T12:12:48.938Z - POST /api/leads/313/skiptrace
2025-09-19T12:12:48.938Z - POST /api/leads/314/skiptrace
2025-09-19T12:12:48.939Z - POST /api/leads/315/skiptrace
2025-09-19T12:12:48.939Z - POST /api/leads/316/skiptrace
2025-09-19T12:12:48.940Z - POST /api/leads/317/skiptrace
2025-09-19T12:12:48.940Z - POST /api/leads/318/skiptrace
2025-09-19T12:12:48.941Z - POST /api/leads/319/skiptrace
2025-09-19T12:12:48.941Z - POST /api/leads/320/skiptrace
2025-09-19T12:12:48.942Z - POST /api/leads/321/skiptrace
2025-09-19T12:12:48.942Z - POST /api/leads/322/skiptrace
2025-09-19T12:12:48.943Z - POST /api/leads/323/skiptrace
2025-09-19T12:12:48.943Z - POST /api/leads/324/skiptrace
2025-09-19T12:12:48.944Z - POST /api/leads/325/skiptrace
2025-09-19T12:12:48.944Z - POST /api/leads/326/skiptrace
2025-09-19T12:12:48.945Z - POST /api/leads/327/skiptrace
2025-09-19T12:12:48.945Z - POST /api/leads/328/skiptrace
2025-09-19T12:12:48.946Z - POST /api/leads/329/skiptrace
2025-09-19T12:12:48.947Z - POST /api/leads/330/skiptrace
2025-09-19T12:12:48.947Z - POST /api/leads/331/skiptrace
2025-09-19T12:12:48.948Z - POST /api/leads/332/skiptrace
2025-09-19T12:12:48.948Z - POST /api/leads/333/skiptrace
2025-09-19T12:12:48.949Z - POST /api/leads/334/skiptrace
2025-09-19T12:12:48.949Z - POST /api/leads/335/skiptrace
2025-09-19T12:12:48.950Z - POST /api/leads/336/skiptrace
2025-09-19T12:12:48.951Z - POST /api/leads/337/skiptrace
2025-09-19T12:12:48.951Z - POST /api/leads/338/skiptrace
2025-09-19T12:12:48.952Z - POST /api/leads/339/skiptrace
2025-09-19T12:12:48.952Z - POST /api/leads/340/skiptrace
2025-09-19T12:12:48.953Z - POST /api/leads/341/skiptrace
2025-09-19T12:12:48.953Z - POST /api/leads/342/skiptrace
2025-09-19T12:12:48.954Z - POST /api/leads/343/skiptrace
2025-09-19T12:12:48.954Z - POST /api/leads/344/skiptrace
2025-09-19T12:12:48.955Z - POST /api/leads/345/skiptrace
2025-09-19T12:12:48.955Z - POST /api/leads/346/skiptrace
2025-09-19T12:12:48.956Z - POST /api/leads/347/skiptrace
2025-09-19T12:12:48.957Z - POST /api/leads/348/skiptrace
2025-09-19T12:12:48.957Z - POST /api/leads/349/skiptrace
2025-09-19T12:12:48.958Z - POST /api/leads/350/skiptrace
2025-09-19T12:12:48.959Z - POST /api/leads/351/skiptrace
2025-09-19T12:12:48.959Z - POST /api/leads/352/skiptrace
2025-09-19T12:12:48.960Z - POST /api/leads/353/skiptrace
2025-09-19T12:12:48.961Z - POST /api/leads/354/skiptrace
2025-09-19T12:12:48.961Z - POST /api/leads/355/skiptrace
2025-09-19T12:12:48.962Z - POST /api/leads/356/skiptrace
2025-09-19T12:12:48.962Z - POST /api/leads/357/skiptrace
2025-09-19T12:12:48.963Z - POST /api/leads/358/skiptrace
2025-09-19T12:12:48.964Z - POST /api/leads/359/skiptrace
2025-09-19T12:12:48.964Z - POST /api/leads/360/skiptrace
2025-09-19T12:12:48.964Z - POST /api/leads/361/skiptrace
2025-09-19T12:12:48.965Z - POST /api/leads/362/skiptrace
2025-09-19T12:12:48.965Z - POST /api/leads/363/skiptrace
2025-09-19T12:12:48.966Z - POST /api/leads/364/skiptrace
2025-09-19T12:12:48.967Z - POST /api/leads/365/skiptrace
2025-09-19T12:12:48.967Z - POST /api/leads/366/skiptrace
2025-09-19T12:12:48.968Z - POST /api/leads/367/skiptrace
2025-09-19T12:12:48.968Z - POST /api/leads/368/skiptrace
2025-09-19T12:12:48.969Z - POST /api/leads/369/skiptrace
2025-09-19T12:12:48.969Z - POST /api/leads/370/skiptrace
2025-09-19T12:12:48.970Z - POST /api/leads/371/skiptrace
2025-09-19T12:12:48.970Z - POST /api/leads/372/skiptrace
2025-09-19T12:12:48.971Z - POST /api/leads/373/skiptrace
2025-09-19T12:12:48.971Z - POST /api/leads/374/skiptrace
2025-09-19T12:12:48.972Z - POST /api/leads/375/skiptrace
2025-09-19T12:12:48.973Z - POST /api/leads/376/skiptrace
2025-09-19T12:12:48.973Z - POST /api/leads/377/skiptrace
2025-09-19T12:12:48.973Z - POST /api/leads/378/skiptrace
2025-09-19T12:12:48.974Z - POST /api/leads/379/skiptrace
2025-09-19T12:12:48.974Z - POST /api/leads/380/skiptrace
2025-09-19T12:12:48.975Z - POST /api/leads/381/skiptrace
2025-09-19T12:12:48.975Z - POST /api/leads/382/skiptrace
2025-09-19T12:12:48.976Z - POST /api/leads/383/skiptrace
2025-09-19T12:12:48.976Z - POST /api/leads/384/skiptrace
2025-09-19T12:12:48.977Z - POST /api/leads/385/skiptrace
2025-09-19T12:12:48.977Z - POST /api/leads/386/skiptrace
2025-09-19T12:12:48.978Z - POST /api/leads/387/skiptrace
2025-09-19T12:12:48.978Z - POST /api/leads/388/skiptrace
2025-09-19T12:12:48.979Z - POST /api/leads/389/skiptrace
2025-09-19T12:12:48.980Z - POST /api/leads/390/skiptrace
2025-09-19T12:12:48.980Z - POST /api/leads/391/skiptrace
2025-09-19T12:12:48.981Z - POST /api/leads/392/skiptrace
2025-09-19T12:12:48.981Z - POST /api/leads/393/skiptrace
2025-09-19T12:12:48.982Z - POST /api/leads/394/skiptrace
2025-09-19T12:12:48.983Z - POST /api/leads/395/skiptrace
2025-09-19T12:12:48.983Z - POST /api/leads/396/skiptrace
2025-09-19T12:12:48.984Z - POST /api/leads/397/skiptrace
2025-09-19T12:12:48.985Z - POST /api/leads/398/skiptrace
2025-09-19T12:12:48.985Z - POST /api/leads/399/skiptrace
2025-09-19T12:12:48.986Z - POST /api/leads/400/skiptrace
2025-09-19T12:12:48.986Z - POST /api/leads/401/skiptrace
2025-09-19T12:12:48.987Z - POST /api/leads/402/skiptrace
2025-09-19T12:12:48.987Z - POST /api/leads/403/skiptrace
2025-09-19T12:12:48.988Z - POST /api/leads/404/skiptrace
2025-09-19T12:12:48.988Z - POST /api/leads/405/skiptrace
2025-09-19T12:12:48.988Z - POST /api/leads/406/skiptrace
2025-09-19T12:12:48.989Z - POST /api/leads/407/skiptrace
2025-09-19T12:12:48.989Z - POST /api/leads/408/skiptrace
2025-09-19T12:12:48.990Z - POST /api/leads/409/skiptrace
2025-09-19T12:12:48.990Z - POST /api/leads/410/skiptrace
2025-09-19T12:12:48.991Z - POST /api/leads/411/skiptrace
2025-09-19T12:12:48.991Z - POST /api/leads/412/skiptrace
2025-09-19T12:12:48.992Z - POST /api/leads/413/skiptrace
2025-09-19T12:12:48.992Z - POST /api/leads/414/skiptrace
2025-09-19T12:12:48.993Z - POST /api/leads/415/skiptrace
2025-09-19T12:12:48.993Z - POST /api/leads/416/skiptrace
2025-09-19T12:12:48.993Z - POST /api/leads/417/skiptrace
2025-09-19T12:12:48.994Z - POST /api/leads/418/skiptrace
2025-09-19T12:12:48.994Z - POST /api/leads/419/skiptrace
2025-09-19T12:12:48.995Z - POST /api/leads/420/skiptrace
2025-09-19T12:12:48.995Z - POST /api/leads/421/skiptrace
2025-09-19T12:12:48.996Z - POST /api/leads/422/skiptrace
2025-09-19T12:12:48.996Z - POST /api/leads/423/skiptrace
2025-09-19T12:12:48.997Z - POST /api/leads/424/skiptrace
2025-09-19T12:12:48.997Z - POST /api/leads/425/skiptrace
2025-09-19T12:12:48.998Z - POST /api/leads/426/skiptrace
2025-09-19T12:12:48.998Z - POST /api/leads/427/skiptrace
2025-09-19T12:12:49.022Z - POST /api/leads/428/skiptrace
2025-09-19T12:12:49.023Z - POST /api/leads/429/skiptrace
2025-09-19T12:12:49.024Z - POST /api/leads/430/skiptrace
2025-09-19T12:12:49.025Z - POST /api/leads/431/skiptrace
2025-09-19T12:12:49.026Z - POST /api/leads/432/skiptrace
2025-09-19T12:12:49.026Z - POST /api/leads/433/skiptrace
2025-09-19T12:12:49.027Z - POST /api/leads/434/skiptrace
2025-09-19T12:12:49.027Z - POST /api/leads/435/skiptrace
2025-09-19T12:12:49.028Z - POST /api/leads/436/skiptrace
2025-09-19T12:12:49.028Z - POST /api/leads/437/skiptrace
2025-09-19T12:12:49.029Z - POST /api/leads/438/skiptrace
2025-09-19T12:12:49.030Z - POST /api/leads/439/skiptrace
2025-09-19T12:12:49.030Z - POST /api/leads/440/skiptrace
2025-09-19T12:12:49.031Z - POST /api/leads/441/skiptrace
2025-09-19T12:12:49.031Z - POST /api/leads/442/skiptrace
2025-09-19T12:12:49.032Z - POST /api/leads/443/skiptrace
2025-09-19T12:12:49.033Z - POST /api/leads/444/skiptrace
2025-09-19T12:12:49.033Z - POST /api/leads/445/skiptrace
2025-09-19T12:12:49.034Z - POST /api/leads/446/skiptrace
2025-09-19T12:12:49.034Z - POST /api/leads/447/skiptrace
2025-09-19T12:12:49.035Z - POST /api/leads/448/skiptrace
2025-09-19T12:12:49.035Z - POST /api/leads/449/skiptrace
2025-09-19T12:12:49.036Z - POST /api/leads/450/skiptrace
2025-09-19T12:12:49.036Z - POST /api/leads/451/skiptrace
2025-09-19T12:12:49.037Z - POST /api/leads/452/skiptrace
2025-09-19T12:12:49.037Z - POST /api/leads/453/skiptrace
2025-09-19T12:12:49.038Z - POST /api/leads/454/skiptrace
2025-09-19T12:12:49.038Z - POST /api/leads/455/skiptrace
2025-09-19T12:12:49.039Z - POST /api/leads/456/skiptrace
2025-09-19T12:12:49.039Z - POST /api/leads/457/skiptrace
2025-09-19T12:12:49.039Z - POST /api/leads/458/skiptrace
2025-09-19T12:12:49.040Z - POST /api/leads/459/skiptrace
2025-09-19T12:12:49.040Z - POST /api/leads/460/skiptrace
2025-09-19T12:12:49.041Z - POST /api/leads/461/skiptrace
2025-09-19T12:12:49.041Z - POST /api/leads/462/skiptrace
2025-09-19T12:12:49.042Z - POST /api/leads/463/skiptrace
2025-09-19T12:12:49.042Z - POST /api/leads/464/skiptrace
2025-09-19T12:12:49.043Z - POST /api/leads/465/skiptrace
2025-09-19T12:12:49.043Z - POST /api/leads/466/skiptrace
2025-09-19T12:12:49.043Z - POST /api/leads/467/skiptrace
2025-09-19T12:12:49.044Z - POST /api/leads/468/skiptrace
2025-09-19T12:12:49.044Z - POST /api/leads/469/skiptrace
2025-09-19T12:12:49.045Z - POST /api/leads/470/skiptrace
2025-09-19T12:12:49.045Z - POST /api/leads/471/skiptrace
2025-09-19T12:12:49.046Z - POST /api/leads/472/skiptrace
2025-09-19T12:12:49.046Z - POST /api/leads/473/skiptrace
2025-09-19T12:12:49.048Z - POST /api/leads/474/skiptrace
2025-09-19T12:12:49.048Z - POST /api/leads/475/skiptrace
2025-09-19T12:12:49.049Z - POST /api/leads/476/skiptrace
2025-09-19T12:12:49.049Z - POST /api/leads/477/skiptrace
2025-09-19T12:12:49.050Z - POST /api/leads/478/skiptrace
2025-09-19T12:12:49.050Z - POST /api/leads/479/skiptrace
2025-09-19T12:12:49.051Z - POST /api/leads/480/skiptrace
2025-09-19T12:12:49.051Z - POST /api/leads/481/skiptrace
2025-09-19T12:12:49.052Z - POST /api/leads/482/skiptrace
2025-09-19T12:12:49.052Z - POST /api/leads/483/skiptrace
2025-09-19T12:12:49.053Z - POST /api/leads/484/skiptrace
2025-09-19T12:12:49.053Z - POST /api/leads/485/skiptrace
2025-09-19T12:12:49.054Z - POST /api/leads/486/skiptrace
2025-09-19T12:12:49.054Z - POST /api/leads/487/skiptrace
2025-09-19T12:12:49.055Z - POST /api/leads/488/skiptrace
2025-09-19T12:12:49.055Z - POST /api/leads/489/skiptrace
2025-09-19T12:12:49.055Z - POST /api/leads/490/skiptrace
2025-09-19T12:12:49.056Z - POST /api/leads/491/skiptrace
2025-09-19T12:12:49.056Z - POST /api/leads/492/skiptrace
2025-09-19T12:12:49.057Z - POST /api/leads/493/skiptrace
2025-09-19T12:12:49.057Z - POST /api/leads/494/skiptrace
2025-09-19T12:12:49.058Z - POST /api/leads/495/skiptrace
2025-09-19T12:12:49.058Z - POST /api/leads/496/skiptrace
2025-09-19T12:12:49.059Z - POST /api/leads/497/skiptrace
2025-09-19T12:12:49.059Z - POST /api/leads/498/skiptrace
2025-09-19T12:12:49.059Z - POST /api/leads/499/skiptrace
2025-09-19T12:12:49.060Z - POST /api/leads/500/skiptrace
2025-09-19T12:12:49.060Z - POST /api/leads/501/skiptrace
2025-09-19T12:12:49.061Z - POST /api/leads/502/skiptrace
2025-09-19T12:12:49.061Z - POST /api/leads/503/skiptrace
2025-09-19T12:12:49.062Z - POST /api/leads/504/skiptrace
2025-09-19T12:12:49.063Z - POST /api/leads/505/skiptrace
2025-09-19T12:12:49.063Z - POST /api/leads/506/skiptrace
2025-09-19T12:12:49.064Z - POST /api/leads/507/skiptrace
2025-09-19T12:12:49.064Z - POST /api/leads/508/skiptrace
2025-09-19T12:12:49.065Z - POST /api/leads/509/skiptrace
2025-09-19T12:12:49.066Z - POST /api/leads/510/skiptrace
2025-09-19T12:12:49.066Z - POST /api/leads/511/skiptrace
2025-09-19T12:12:49.067Z - POST /api/leads/512/skiptrace
2025-09-19T12:12:49.068Z - POST /api/leads/513/skiptrace
2025-09-19T12:12:49.068Z - POST /api/leads/514/skiptrace
2025-09-19T12:12:49.069Z - POST /api/leads/515/skiptrace
2025-09-19T12:12:49.069Z - POST /api/leads/516/skiptrace
2025-09-19T12:12:49.070Z - POST /api/leads/517/skiptrace
2025-09-19T12:12:49.070Z - POST /api/leads/518/skiptrace
2025-09-19T12:12:49.071Z - POST /api/leads/519/skiptrace
2025-09-19T12:12:49.071Z - POST /api/leads/520/skiptrace
2025-09-19T12:12:49.071Z - POST /api/leads/521/skiptrace
2025-09-19T12:12:49.072Z - POST /api/leads/522/skiptrace
2025-09-19T12:12:49.072Z - POST /api/leads/523/skiptrace
2025-09-19T12:12:49.073Z - POST /api/leads/524/skiptrace
2025-09-19T12:12:49.074Z - POST /api/leads/525/skiptrace
2025-09-19T12:12:49.074Z - POST /api/leads/526/skiptrace
2025-09-19T12:12:49.074Z - POST /api/leads/527/skiptrace
2025-09-19T12:12:49.075Z - POST /api/leads/528/skiptrace
2025-09-19T12:12:49.075Z - POST /api/leads/529/skiptrace
2025-09-19T12:12:49.076Z - POST /api/leads/530/skiptrace
2025-09-19T12:12:49.076Z - POST /api/leads/531/skiptrace
2025-09-19T12:12:49.077Z - POST /api/leads/532/skiptrace
2025-09-19T12:12:49.077Z - POST /api/leads/533/skiptrace
2025-09-19T12:12:49.078Z - POST /api/leads/534/skiptrace
2025-09-19T12:12:49.078Z - POST /api/leads/535/skiptrace
2025-09-19T12:12:49.079Z - POST /api/leads/536/skiptrace
2025-09-19T12:12:49.079Z - POST /api/leads/537/skiptrace
2025-09-19T12:12:49.079Z - POST /api/leads/538/skiptrace
2025-09-19T12:12:49.080Z - POST /api/leads/539/skiptrace
2025-09-19T12:12:49.080Z - POST /api/leads/540/skiptrace
2025-09-19T12:12:49.081Z - POST /api/leads/541/skiptrace
2025-09-19T12:12:49.081Z - POST /api/leads/542/skiptrace
2025-09-19T12:12:49.082Z - POST /api/leads/543/skiptrace
2025-09-19T12:12:49.082Z - POST /api/leads/544/skiptrace
2025-09-19T12:12:49.083Z - POST /api/leads/545/skiptrace
2025-09-19T12:12:49.084Z - POST /api/leads/546/skiptrace
2025-09-19T12:12:49.084Z - POST /api/leads/547/skiptrace
2025-09-19T12:12:49.085Z - POST /api/leads/548/skiptrace
2025-09-19T12:12:49.086Z - POST /api/leads/549/skiptrace
2025-09-19T12:12:49.086Z - POST /api/leads/550/skiptrace
2025-09-19T12:12:49.087Z - POST /api/leads/551/skiptrace
2025-09-19T12:12:49.087Z - POST /api/leads/552/skiptrace
2025-09-19T12:12:49.088Z - POST /api/leads/553/skiptrace
2025-09-19T12:12:49.088Z - POST /api/leads/554/skiptrace
2025-09-19T12:12:49.089Z - POST /api/leads/555/skiptrace
2025-09-19T12:12:49.089Z - POST /api/leads/556/skiptrace
2025-09-19T12:12:49.090Z - POST /api/leads/557/skiptrace
2025-09-19T12:12:49.090Z - POST /api/leads/558/skiptrace
2025-09-19T12:12:49.091Z - POST /api/leads/559/skiptrace
2025-09-19T12:12:49.092Z - POST /api/leads/560/skiptrace
2025-09-19T12:12:49.092Z - POST /api/leads/561/skiptrace
2025-09-19T12:12:49.093Z - POST /api/leads/562/skiptrace
2025-09-19T12:12:49.093Z - POST /api/leads/563/skiptrace
2025-09-19T12:12:49.095Z - POST /api/leads/564/skiptrace
2025-09-19T12:12:49.095Z - POST /api/leads/565/skiptrace
2025-09-19T12:12:49.095Z - POST /api/leads/566/skiptrace
2025-09-19T12:12:49.096Z - POST /api/leads/567/skiptrace
2025-09-19T12:12:49.096Z - POST /api/leads/568/skiptrace
2025-09-19T12:12:49.096Z - POST /api/leads/569/skiptrace
2025-09-19T12:12:49.097Z - POST /api/leads/570/skiptrace
2025-09-19T12:12:49.097Z - POST /api/leads/571/skiptrace
2025-09-19T12:12:49.097Z - POST /api/leads/572/skiptrace
2025-09-19T12:12:49.098Z - POST /api/leads/573/skiptrace
2025-09-19T12:12:49.098Z - POST /api/leads/574/skiptrace
2025-09-19T12:12:49.099Z - POST /api/leads/575/skiptrace
2025-09-19T12:12:49.099Z - POST /api/leads/576/skiptrace
2025-09-19T12:12:49.100Z - POST /api/leads/577/skiptrace
2025-09-19T12:12:49.100Z - POST /api/leads/578/skiptrace
2025-09-19T12:12:49.101Z - POST /api/leads/579/skiptrace
2025-09-19T12:12:49.101Z - POST /api/leads/580/skiptrace
2025-09-19T12:12:49.102Z - POST /api/leads/581/skiptrace
2025-09-19T12:12:49.102Z - POST /api/leads/582/skiptrace
2025-09-19T12:12:49.103Z - POST /api/leads/583/skiptrace
2025-09-19T12:12:49.103Z - POST /api/leads/584/skiptrace
2025-09-19T12:12:49.104Z - POST /api/leads/585/skiptrace
2025-09-19T12:12:49.104Z - POST /api/leads/586/skiptrace
2025-09-19T12:12:49.105Z - POST /api/leads/587/skiptrace
2025-09-19T12:12:49.105Z - POST /api/leads/588/skiptrace
2025-09-19T12:12:49.106Z - POST /api/leads/589/skiptrace
2025-09-19T12:12:49.106Z - POST /api/leads/590/skiptrace
2025-09-19T12:12:49.107Z - POST /api/leads/591/skiptrace
2025-09-19T12:12:49.108Z - POST /api/leads/592/skiptrace
2025-09-19T12:12:49.108Z - POST /api/leads/593/skiptrace
2025-09-19T12:12:49.109Z - POST /api/leads/594/skiptrace
2025-09-19T12:12:49.109Z - POST /api/leads/595/skiptrace
2025-09-19T12:12:49.110Z - POST /api/leads/596/skiptrace
2025-09-19T12:12:49.110Z - POST /api/leads/597/skiptrace
2025-09-19T12:12:49.111Z - POST /api/leads/598/skiptrace
2025-09-19T12:12:49.111Z - POST /api/leads/599/skiptrace
2025-09-19T12:12:49.112Z - POST /api/leads/600/skiptrace
2025-09-19T12:12:49.112Z - POST /api/leads/601/skiptrace
2025-09-19T12:12:49.113Z - POST /api/leads/602/skiptrace
2025-09-19T12:12:49.114Z - POST /api/leads/603/skiptrace
2025-09-19T12:12:49.115Z - POST /api/leads/604/skiptrace
2025-09-19T12:12:49.116Z - POST /api/leads/605/skiptrace
2025-09-19T12:12:49.116Z - POST /api/leads/606/skiptrace
2025-09-19T12:12:49.117Z - POST /api/leads/607/skiptrace
2025-09-19T12:12:49.118Z - POST /api/leads/608/skiptrace
2025-09-19T12:12:49.118Z - POST /api/leads/609/skiptrace
2025-09-19T12:12:49.121Z - GET /api/skiptrace-runs/d0dbfb27-c73d-4453-a4b7-799e794de176/report
