[2025-09-09T13:49:18.055Z] [INFO] Starting ML Client test...
[2025-09-09T13:49:18.060Z] [INFO] Initializing ML Client...
[2025-09-09T13:49:18.138Z] [INFO] Testing property valuation...
[2025-09-09T13:49:18.144Z] [INFO] Testing distress signals...
[2025-09-09T13:49:18.374Z] [INFO] Testing lead scoring...
[2025-09-09T13:49:18.584Z] [INFO] Testing contact recommendation...
[2025-09-09T13:49:18.789Z] [INFO] ML Client test completed successfully
[2025-09-09T13:52:11.748Z] [INFO] Starting ML Client test...
[2025-09-09T13:52:11.751Z] [INFO] Initializing ML Client...
[2025-09-09T13:52:11.807Z] [INFO] Testing property valuation...
[2025-09-09T13:52:11.831Z] [INFO] Testing distress signals...
[2025-09-09T13:52:12.038Z] [INFO] Testing lead scoring...
[2025-09-09T13:52:12.252Z] [INFO] Testing contact recommendation...
[2025-09-09T13:52:12.467Z] [INFO] ML Client test completed successfully
[2025-09-09T13:56:36.423Z] [INFO] Initializing application...
[2025-09-09T13:56:36.478Z] [INFO] ML client initialized successfully
[2025-09-09T13:56:36.483Z] [INFO] Integration server running on http://localhost:3030
[2025-09-09T13:59:57.130Z] [INFO] Initializing application...
[2025-09-09T13:59:57.185Z] [INFO] ML client initialized successfully
[2025-09-09T13:59:57.192Z] [INFO] Integration server running on http://localhost:3030
[2025-09-09T13:59:57.193Z] [INFO] Visit http://localhost:3030 for API documentation
[2025-09-09T14:14:04.131Z] [INFO] Initializing application...
[2025-09-09T14:14:04.189Z] [INFO] ML client initialized successfully
[2025-09-09T14:14:04.195Z] [INFO] Integration server running on http://0.0.0.0:3030
[2025-09-09T14:14:04.196Z] [INFO] Visit http://localhost:3030 for API documentation
